
================================================================================
HERALD ERROR LOG - 2026-04-01T08:47:46.458Z
================================================================================

🔴 ERREUR HTTP 503 (Service Temporarily Unavailable)

📡 REQUÊTE
  URL: https://v2-api.itsasync.fr/heralds/analyze/local-run
  Méthode: POST

📦 PAYLOAD
  Projet: TP Jeux vidéo
  Nombre de fichiers: 5
  Taille totale: 0.01 MB
  Plus gros fichier: game.py (0.00 MB)

📥 RÉPONSE DU SERVEUR
  Headers: {
  "access-control-allow-credentials": "true",
  "access-control-allow-headers": "Authorization, Content-Type",
  "access-control-allow-methods": "GET, POST, PUT, PATCH, DELETE, OPTIONS",
  "access-control-allow-origin": "*",
  "access-control-max-age": "1728000",
  "connection": "keep-alive",
  "content-length": "190",
  "content-type": "text/html",
  "date": "Wed, 01 Apr 2026 08:47:46 GMT",
  "strict-transport-security": "max-age=31536000; includeSubDomains"
}
  Body: {}

================================================================================


================================================================================
HERALD ERROR LOG - 2026-04-01T08:48:18.782Z
================================================================================

🔴 ERREUR HTTP 503 (Service Temporarily Unavailable)

📡 REQUÊTE
  URL: https://v2-api.itsasync.fr/heralds/analyze/local-run
  Méthode: POST

📦 PAYLOAD
  Projet: TP Jeux vidéo
  Nombre de fichiers: 5
  Taille totale: 0.01 MB
  Plus gros fichier: game.py (0.00 MB)

📥 RÉPONSE DU SERVEUR
  Headers: {
  "access-control-allow-credentials": "true",
  "access-control-allow-headers": "Authorization, Content-Type",
  "access-control-allow-methods": "GET, POST, PUT, PATCH, DELETE, OPTIONS",
  "access-control-allow-origin": "*",
  "access-control-max-age": "1728000",
  "connection": "keep-alive",
  "content-length": "190",
  "content-type": "text/html",
  "date": "Wed, 01 Apr 2026 08:48:18 GMT",
  "strict-transport-security": "max-age=31536000; includeSubDomains"
}
  Body: {}

================================================================================

